{
  "stats": {
    "suites": 0,
    "tests": 2,
    "passes": 2,
    "pending": 0,
    "failures": 0,
    "start": "2021-03-04T04:59:53.050Z",
    "end": "2021-03-04T05:00:01.186Z",
    "duration": 8136,
    "testsRegistered": 2,
    "passPercent": 100,
    "pendingPercent": 0,
    "other": 0,
    "hasOther": false,
    "skipped": 0,
    "hasSkipped": false
  },
  "results": [
    {
      "uuid": "6d280832-16a0-4b4b-8532-43bf5a79f838",
      "title": "",
      "fullFile": "cypress\\integration\\FileUpload.ts",
      "file": "cypress\\integration\\FileUpload.ts",
      "beforeHooks": [],
      "afterHooks": [],
      "tests": [
        {
          "title": "file upload demo",
          "fullTitle": "file upload demo",
          "timedOut": null,
          "duration": 3141,
          "state": "passed",
          "speed": "slow",
          "pass": true,
          "fail": false,
          "pending": false,
          "context": null,
          "code": "cy.visit('http://tinyupload.com/');\ncy.get('[name=\"uploaded_file\"]').attachFile('a.jpg');",
          "err": {},
          "uuid": "ca328611-68b9-44c0-aead-4a95a958b8b9",
          "parentUUID": "6d280832-16a0-4b4b-8532-43bf5a79f838",
          "isHook": false,
          "skipped": false
        },
        {
          "title": "file download demo",
          "fullTitle": "file download demo",
          "timedOut": null,
          "duration": 1846,
          "state": "passed",
          "speed": "slow",
          "pass": true,
          "fail": false,
          "pending": false,
          "context": null,
          "code": "cy.downloadFile('https://upload.wikimedia.org/wikipedia/en/a/a9/Example.jpg', 'mydownloads', 'example.jpg');",
          "err": {},
          "uuid": "7f19f3e6-0227-4592-9f0e-55f145051b5e",
          "parentUUID": "6d280832-16a0-4b4b-8532-43bf5a79f838",
          "isHook": false,
          "skipped": false
        }
      ],
      "suites": [],
      "passes": [
        "ca328611-68b9-44c0-aead-4a95a958b8b9",
        "7f19f3e6-0227-4592-9f0e-55f145051b5e"
      ],
      "failures": [],
      "pending": [],
      "skipped": [],
      "duration": 4987,
      "root": true,
      "rootEmpty": false,
      "_timeout": 2000
    }
  ],
  "meta": {
    "mocha": {
      "version": "7.0.1"
    },
    "mochawesome": {
      "options": {
        "quiet": false,
        "reportFilename": "mochawesome",
        "saveHtml": false,
        "saveJson": true,
        "consoleReporter": "spec",
        "useInlineDiffs": false,
        "code": true
      },
      "version": "6.2.2"
    },
    "marge": {
      "options": {
        "reportDir": "cypress/results/json",
        "overwrite": false,
        "html": false,
        "json": true
      },
      "version": "5.2.0"
    }
  }
}