{
  "stats": {
    "suites": 0,
    "tests": 2,
    "passes": 2,
    "pending": 0,
    "failures": 0,
    "start": "2021-03-05T05:44:56.307Z",
    "end": "2021-03-05T05:45:06.921Z",
    "duration": 10614,
    "testsRegistered": 2,
    "passPercent": 100,
    "pendingPercent": 0,
    "other": 0,
    "hasOther": false,
    "skipped": 0,
    "hasSkipped": false
  },
  "results": [
    {
      "uuid": "5ca6cc2c-e9ba-416f-86be-78132fecb71a",
      "title": "",
      "fullFile": "cypress\\integration\\FileUpload.ts",
      "file": "cypress\\integration\\FileUpload.ts",
      "beforeHooks": [],
      "afterHooks": [],
      "tests": [
        {
          "title": "file upload demo",
          "fullTitle": "file upload demo",
          "timedOut": null,
          "duration": 5669,
          "state": "passed",
          "speed": "slow",
          "pass": true,
          "fail": false,
          "pending": false,
          "context": null,
          "code": "cy.visit('http://tinyupload.com/');\ncy.get('[name=\"uploaded_file\"]').attachFile('a.jpg');",
          "err": {},
          "uuid": "7466c339-fa76-43a3-9146-793b3074140a",
          "parentUUID": "5ca6cc2c-e9ba-416f-86be-78132fecb71a",
          "isHook": false,
          "skipped": false
        },
        {
          "title": "file download demo",
          "fullTitle": "file download demo",
          "timedOut": null,
          "duration": 1938,
          "state": "passed",
          "speed": "slow",
          "pass": true,
          "fail": false,
          "pending": false,
          "context": null,
          "code": "cy.downloadFile('https://upload.wikimedia.org/wikipedia/en/a/a9/Example.jpg', 'mydownloads', 'example.jpg');",
          "err": {},
          "uuid": "f7d30b05-f38e-40d1-b1d1-6eda805acacd",
          "parentUUID": "5ca6cc2c-e9ba-416f-86be-78132fecb71a",
          "isHook": false,
          "skipped": false
        }
      ],
      "suites": [],
      "passes": [
        "7466c339-fa76-43a3-9146-793b3074140a",
        "f7d30b05-f38e-40d1-b1d1-6eda805acacd"
      ],
      "failures": [],
      "pending": [],
      "skipped": [],
      "duration": 7607,
      "root": true,
      "rootEmpty": false,
      "_timeout": 2000
    }
  ],
  "meta": {
    "mocha": {
      "version": "7.0.1"
    },
    "mochawesome": {
      "options": {
        "quiet": false,
        "reportFilename": "mochawesome",
        "saveHtml": false,
        "saveJson": true,
        "consoleReporter": "spec",
        "useInlineDiffs": false,
        "code": true
      },
      "version": "6.2.2"
    },
    "marge": {
      "options": {
        "reportDir": "cypress/results/json",
        "overwrite": false,
        "html": false,
        "json": true
      },
      "version": "5.2.0"
    }
  }
}